// Using IceCore (Release build) - Compiled Jul  6 2004 at 22:28:01
Pentium Pro processor detected.
FPU detected.
MMX detected.
RDTSC supported.
CMOV supported.
FCOMI supported.
Little endian machine.
Approximate processor frequency = 1049.74 MHz
OS: 5.0.2195 - Additional info: Service Pack 3 - Windows NT detected.
07/06/04
22:46:51
Current dir: Y:\APPs\#Tools\IceExporter
System dir: D:\WINNT\System32
Windows dir: D:\WINNT
Driver version: 16384
Width: 1600
Height: 1200
BPP: 32
Registering class: SmartContainer
Registering class: CustomList
Registering class: DataBlock
Kernel size: 172
// Using IceMaths (Release build) - Compiled Jul  6 2004 at 22:28:34
// Using IceImageWork (Release build) - Compiled Jul  6 2004 at 22:28:51
// Using Meshmerizer (Release build) - Compiled Jul  6 2004 at 22:31:30
// Closing Ice Meshmerizer

// Closing Ice ImageWork

// Closing Ice Maths

// Closing Ice Core

52 bytes used by the notification system.
0 entries left in kernel (max = 1), 56 bytes used by ref-tracking.
0 registered dynamic identifiers.
0 flushed global messages.
0 flushed errors.
Trash buffer size: 0 bytes
KID cache: 0 hits, 0 misses
